<?xml version="1.0" encoding="UTF-8"?>
<coverage generated="1633197936658" clover="3.2.0">
  <project timestamp="1633197936659" name="All files">
    <metrics statements="70" coveredstatements="66" conditionals="12" coveredconditionals="9" methods="34" coveredmethods="30" elements="116" coveredelements="105" complexity="0" loc="70" ncloc="70" packages="2" files="10" classes="10"/>
    <package name="store">
      <metrics statements="52" coveredstatements="48" conditionals="2" coveredconditionals="2" methods="24" coveredmethods="20"/>
      <file name="api.js" path="D:\xampp2\htdocs\d\wp\wp-content\plugins\udssl-wp-redux-jest\src\store\api.js">
        <metrics statements="3" coveredstatements="3" conditionals="0" coveredconditionals="0" methods="0" coveredmethods="0"/>
        <line num="3" count="2" type="stmt"/>
        <line num="4" count="2" type="stmt"/>
        <line num="5" count="2" type="stmt"/>
      </file>
      <file name="configureStore.js" path="D:\xampp2\htdocs\d\wp\wp-content\plugins\udssl-wp-redux-jest\src\store\configureStore.js">
        <metrics statements="2" coveredstatements="2" conditionals="0" coveredconditionals="0" methods="2" coveredmethods="2"/>
        <line num="8" count="11" type="stmt"/>
        <line num="11" count="11" type="stmt"/>
      </file>
      <file name="entities.js" path="D:\xampp2\htdocs\d\wp\wp-content\plugins\udssl-wp-redux-jest\src\store\entities.js">
        <metrics statements="0" coveredstatements="0" conditionals="0" coveredconditionals="0" methods="0" coveredmethods="0"/>
      </file>
      <file name="projects.js" path="D:\xampp2\htdocs\d\wp\wp-content\plugins\udssl-wp-redux-jest\src\store\projects.js">
        <metrics statements="6" coveredstatements="3" conditionals="0" coveredconditionals="0" methods="3" coveredmethods="0"/>
        <line num="2" count="1" type="stmt"/>
        <line num="4" count="1" type="stmt"/>
        <line num="9" count="0" type="stmt"/>
        <line num="16" count="0" type="stmt"/>
        <line num="17" count="0" type="stmt"/>
        <line num="24" count="1" type="stmt"/>
      </file>
      <file name="reducer.js" path="D:\xampp2\htdocs\d\wp\wp-content\plugins\udssl-wp-redux-jest\src\store\reducer.js">
        <metrics statements="0" coveredstatements="0" conditionals="0" coveredconditionals="0" methods="0" coveredmethods="0"/>
      </file>
      <file name="timeslots.js" path="D:\xampp2\htdocs\d\wp\wp-content\plugins\udssl-wp-redux-jest\src\store\timeslots.js">
        <metrics statements="37" coveredstatements="37" conditionals="2" coveredconditionals="2" methods="18" coveredmethods="18"/>
        <line num="6" count="2" type="stmt"/>
        <line num="8" count="2" type="stmt"/>
        <line num="17" count="5" type="stmt"/>
        <line num="20" count="5" type="stmt"/>
        <line num="23" count="3" type="stmt"/>
        <line num="26" count="1" type="stmt"/>
        <line num="29" count="4" type="stmt"/>
        <line num="30" count="4" type="stmt"/>
        <line num="31" count="4" type="stmt"/>
        <line num="34" count="4" type="stmt"/>
        <line num="35" count="4" type="stmt"/>
        <line num="38" count="1" type="stmt"/>
        <line num="39" count="1" type="stmt"/>
        <line num="41" count="1" type="stmt"/>
        <line num="42" count="1" type="stmt"/>
        <line num="43" count="1" type="stmt"/>
        <line num="46" count="1" type="stmt"/>
        <line num="47" count="1" type="stmt"/>
        <line num="49" count="1" type="stmt"/>
        <line num="50" count="1" type="stmt"/>
        <line num="51" count="1" type="stmt"/>
        <line num="67" count="2" type="stmt"/>
        <line num="69" count="2" type="stmt"/>
        <line num="71" count="6" type="stmt"/>
        <line num="72" count="6" type="stmt"/>
        <line num="74" count="6" type="stmt"/>
        <line num="75" count="6" type="cond" truecount="2" falsecount="0"/>
        <line num="77" count="5" type="stmt"/>
        <line num="87" count="2" type="stmt"/>
        <line num="88" count="6" type="stmt"/>
        <line num="96" count="2" type="stmt"/>
        <line num="97" count="2" type="stmt"/>
        <line num="105" count="2" type="stmt"/>
        <line num="106" count="1" type="stmt"/>
        <line num="114" count="2" type="stmt"/>
        <line num="115" count="1" type="stmt"/>
        <line num="116" count="3" type="stmt"/>
      </file>
      <file name="users.js" path="D:\xampp2\htdocs\d\wp\wp-content\plugins\udssl-wp-redux-jest\src\store\users.js">
        <metrics statements="4" coveredstatements="3" conditionals="0" coveredconditionals="0" methods="1" coveredmethods="0"/>
        <line num="3" count="1" type="stmt"/>
        <line num="5" count="1" type="stmt"/>
        <line num="11" count="0" type="stmt"/>
        <line num="21" count="1" type="stmt"/>
      </file>
    </package>
    <package name="store.middleware">
      <metrics statements="18" coveredstatements="18" conditionals="10" coveredconditionals="7" methods="10" coveredmethods="10"/>
      <file name="api.js" path="D:\xampp2\htdocs\d\wp\wp-content\plugins\udssl-wp-redux-jest\src\store\middleware\api.js">
        <metrics statements="14" coveredstatements="14" conditionals="10" coveredconditionals="7" methods="3" coveredmethods="3"/>
        <line num="4" count="1" type="stmt"/>
        <line num="5" count="11" type="stmt"/>
        <line num="6" count="11" type="stmt"/>
        <line num="7" count="50" type="cond" truecount="2" falsecount="0"/>
        <line num="10" count="13" type="stmt"/>
        <line num="12" count="13" type="cond" truecount="1" falsecount="1"/>
        <line num="14" count="13" type="stmt"/>
        <line num="16" count="13" type="stmt"/>
        <line num="17" count="13" type="stmt"/>
        <line num="25" count="10" type="stmt"/>
        <line num="28" count="10" type="cond" truecount="1" falsecount="1"/>
        <line num="31" count="3" type="stmt"/>
        <line num="33" count="3" type="cond" truecount="2" falsecount="0"/>
        <line num="36" count="3" type="cond" truecount="1" falsecount="1"/>
      </file>
      <file name="logger.js" path="D:\xampp2\htdocs\d\wp\wp-content\plugins\udssl-wp-redux-jest\src\store\middleware\logger.js">
        <metrics statements="2" coveredstatements="2" conditionals="0" coveredconditionals="0" methods="4" coveredmethods="4"/>
        <line num="1" count="11" type="stmt"/>
        <line num="5" count="50" type="stmt"/>
      </file>
      <file name="toast.js" path="D:\xampp2\htdocs\d\wp\wp-content\plugins\udssl-wp-redux-jest\src\store\middleware\toast.js">
        <metrics statements="2" coveredstatements="2" conditionals="0" coveredconditionals="0" methods="3" coveredmethods="3"/>
        <line num="1" count="11" type="stmt"/>
        <line num="5" count="50" type="stmt"/>
      </file>
    </package>
  </project>
</coverage>
