{"D:\\xampp2\\htdocs\\d\\wp\\wp-content\\plugins\\udssl-wp-redux-jest\\src\\store\\api.js": {"path":"D:\\xampp2\\htdocs\\d\\wp\\wp-content\\plugins\\udssl-wp-redux-jest\\src\\store\\api.js","statementMap":{"0":{"start":{"line":3,"column":28},"end":{"line":3,"column":57}},"1":{"start":{"line":4,"column":30},"end":{"line":4,"column":61}},"2":{"start":{"line":5,"column":29},"end":{"line":5,"column":59}}},"fnMap":{},"branchMap":{},"s":{"0":2,"1":2,"2":2},"f":{},"b":{},"_coverageSchema":"1a1c01bbd47fc00a2c39e90264f33305004495a9","hash":"f6174acc5de891c146546f4062c7daa42bec81d6"}
,"D:\\xampp2\\htdocs\\d\\wp\\wp-content\\plugins\\udssl-wp-redux-jest\\src\\store\\configureStore.js": {"path":"D:\\xampp2\\htdocs\\d\\wp\\wp-content\\plugins\\udssl-wp-redux-jest\\src\\store\\configureStore.js","statementMap":{"0":{"start":{"line":8,"column":4},"end":{"line":16,"column":6}},"1":{"start":{"line":11,"column":12},"end":{"line":15,"column":14}}},"fnMap":{"0":{"name":"(anonymous_0)","decl":{"start":{"line":7,"column":15},"end":{"line":7,"column":16}},"loc":{"start":{"line":7,"column":27},"end":{"line":17,"column":1}},"line":7},"1":{"name":"(anonymous_1)","decl":{"start":{"line":10,"column":20},"end":{"line":10,"column":21}},"loc":{"start":{"line":11,"column":12},"end":{"line":15,"column":14}},"line":11}},"branchMap":{},"s":{"0":11,"1":11},"f":{"0":11,"1":11},"b":{},"_coverageSchema":"1a1c01bbd47fc00a2c39e90264f33305004495a9","hash":"cb65e5e5f8ec942463d9684aff6e2f1a443bc948"}
,"D:\\xampp2\\htdocs\\d\\wp\\wp-content\\plugins\\udssl-wp-redux-jest\\src\\store\\entities.js": {"path":"D:\\xampp2\\htdocs\\d\\wp\\wp-content\\plugins\\udssl-wp-redux-jest\\src\\store\\entities.js","statementMap":{},"fnMap":{},"branchMap":{},"s":{},"f":{},"b":{},"_coverageSchema":"1a1c01bbd47fc00a2c39e90264f33305004495a9","hash":"15a8bda36b63e20951fff99b9ed369000200001d"}
,"D:\\xampp2\\htdocs\\d\\wp\\wp-content\\plugins\\udssl-wp-redux-jest\\src\\store\\projects.js": {"path":"D:\\xampp2\\htdocs\\d\\wp\\wp-content\\plugins\\udssl-wp-redux-jest\\src\\store\\projects.js","statementMap":{"0":{"start":{"line":2,"column":20},"end":{"line":2,"column":21}},"1":{"start":{"line":4,"column":14},"end":{"line":20,"column":2}},"2":{"start":{"line":9,"column":6},"end":{"line":13,"column":8}},"3":{"start":{"line":16,"column":20},"end":{"line":16,"column":83}},"4":{"start":{"line":16,"column":50},"end":{"line":16,"column":82}},"5":{"start":{"line":17,"column":6},"end":{"line":17,"column":38}},"6":{"start":{"line":24,"column":50},"end":{"line":24,"column":63}}},"fnMap":{"0":{"name":"(anonymous_0)","decl":{"start":{"line":8,"column":18},"end":{"line":8,"column":19}},"loc":{"start":{"line":8,"column":40},"end":{"line":14,"column":5}},"line":8},"1":{"name":"(anonymous_1)","decl":{"start":{"line":15,"column":22},"end":{"line":15,"column":23}},"loc":{"start":{"line":15,"column":44},"end":{"line":18,"column":5}},"line":15},"2":{"name":"(anonymous_2)","decl":{"start":{"line":16,"column":39},"end":{"line":16,"column":40}},"loc":{"start":{"line":16,"column":50},"end":{"line":16,"column":82}},"line":16}},"branchMap":{},"s":{"0":1,"1":1,"2":0,"3":0,"4":0,"5":0,"6":1},"f":{"0":0,"1":0,"2":0},"b":{},"_coverageSchema":"1a1c01bbd47fc00a2c39e90264f33305004495a9","hash":"da57ba754519c0f9f5afb6fee9382b454f4cb492"}
,"D:\\xampp2\\htdocs\\d\\wp\\wp-content\\plugins\\udssl-wp-redux-jest\\src\\store\\reducer.js": {"path":"D:\\xampp2\\htdocs\\d\\wp\\wp-content\\plugins\\udssl-wp-redux-jest\\src\\store\\reducer.js","statementMap":{},"fnMap":{},"branchMap":{},"s":{},"f":{},"b":{},"_coverageSchema":"1a1c01bbd47fc00a2c39e90264f33305004495a9","hash":"28a5edb797aae1d64049c8f0622b2ff9078df31e"}
,"D:\\xampp2\\htdocs\\d\\wp\\wp-content\\plugins\\udssl-wp-redux-jest\\src\\store\\timeslots.js": {"path":"D:\\xampp2\\htdocs\\d\\wp\\wp-content\\plugins\\udssl-wp-redux-jest\\src\\store\\timeslots.js","statementMap":{"0":{"start":{"line":6,"column":13},"end":{"line":6,"column":14}},"1":{"start":{"line":8,"column":14},"end":{"line":54,"column":2}},"2":{"start":{"line":17,"column":12},"end":{"line":17,"column":36}},"3":{"start":{"line":20,"column":12},"end":{"line":20,"column":36}},"4":{"start":{"line":23,"column":12},"end":{"line":23,"column":36}},"5":{"start":{"line":26,"column":12},"end":{"line":26,"column":37}},"6":{"start":{"line":29,"column":12},"end":{"line":29,"column":37}},"7":{"start":{"line":30,"column":12},"end":{"line":30,"column":50}},"8":{"start":{"line":31,"column":12},"end":{"line":31,"column":44}},"9":{"start":{"line":34,"column":12},"end":{"line":34,"column":47}},"10":{"start":{"line":35,"column":12},"end":{"line":35,"column":37}},"11":{"start":{"line":38,"column":26},"end":{"line":40,"column":13}},"12":{"start":{"line":39,"column":28},"end":{"line":39,"column":61}},"13":{"start":{"line":41,"column":12},"end":{"line":41,"column":34}},"14":{"start":{"line":42,"column":12},"end":{"line":42,"column":49}},"15":{"start":{"line":43,"column":12},"end":{"line":43,"column":37}},"16":{"start":{"line":46,"column":26},"end":{"line":48,"column":13}},"17":{"start":{"line":47,"column":28},"end":{"line":47,"column":61}},"18":{"start":{"line":49,"column":27},"end":{"line":49,"column":48}},"19":{"start":{"line":50,"column":12},"end":{"line":50,"column":47}},"20":{"start":{"line":51,"column":12},"end":{"line":51,"column":37}},"21":{"start":{"line":67,"column":4},"end":{"line":67,"column":17}},"22":{"start":{"line":69,"column":12},"end":{"line":69,"column":24}},"23":{"start":{"line":71,"column":29},"end":{"line":85,"column":1}},"24":{"start":{"line":71,"column":35},"end":{"line":85,"column":1}},"25":{"start":{"line":72,"column":26},"end":{"line":72,"column":55}},"26":{"start":{"line":74,"column":26},"end":{"line":74,"column":68}},"27":{"start":{"line":75,"column":4},"end":{"line":75,"column":34}},"28":{"start":{"line":75,"column":28},"end":{"line":75,"column":34}},"29":{"start":{"line":77,"column":4},"end":{"line":84,"column":5}},"30":{"start":{"line":87,"column":27},"end":{"line":94,"column":6}},"31":{"start":{"line":88,"column":4},"end":{"line":94,"column":6}},"32":{"start":{"line":96,"column":30},"end":{"line":103,"column":6}},"33":{"start":{"line":97,"column":4},"end":{"line":103,"column":6}},"34":{"start":{"line":105,"column":36},"end":{"line":112,"column":6}},"35":{"start":{"line":106,"column":4},"end":{"line":112,"column":6}},"36":{"start":{"line":114,"column":38},"end":{"line":117,"column":1}},"37":{"start":{"line":115,"column":13},"end":{"line":115,"column":37}},"38":{"start":{"line":116,"column":17},"end":{"line":116,"column":70}},"39":{"start":{"line":116,"column":51},"end":{"line":116,"column":69}}},"fnMap":{"0":{"name":"(anonymous_0)","decl":{"start":{"line":16,"column":28},"end":{"line":16,"column":29}},"loc":{"start":{"line":16,"column":51},"end":{"line":18,"column":9}},"line":16},"1":{"name":"(anonymous_1)","decl":{"start":{"line":19,"column":30},"end":{"line":19,"column":31}},"loc":{"start":{"line":19,"column":53},"end":{"line":21,"column":9}},"line":19},"2":{"name":"(anonymous_2)","decl":{"start":{"line":22,"column":33},"end":{"line":22,"column":34}},"loc":{"start":{"line":22,"column":56},"end":{"line":24,"column":9}},"line":22},"3":{"name":"(anonymous_3)","decl":{"start":{"line":25,"column":32},"end":{"line":25,"column":33}},"loc":{"start":{"line":25,"column":55},"end":{"line":27,"column":9}},"line":25},"4":{"name":"(anonymous_4)","decl":{"start":{"line":28,"column":27},"end":{"line":28,"column":28}},"loc":{"start":{"line":28,"column":50},"end":{"line":32,"column":9}},"line":28},"5":{"name":"(anonymous_5)","decl":{"start":{"line":33,"column":23},"end":{"line":33,"column":24}},"loc":{"start":{"line":33,"column":46},"end":{"line":36,"column":9}},"line":33},"6":{"name":"(anonymous_6)","decl":{"start":{"line":37,"column":26},"end":{"line":37,"column":27}},"loc":{"start":{"line":37,"column":49},"end":{"line":44,"column":9}},"line":37},"7":{"name":"(anonymous_7)","decl":{"start":{"line":39,"column":16},"end":{"line":39,"column":17}},"loc":{"start":{"line":39,"column":28},"end":{"line":39,"column":61}},"line":39},"8":{"name":"(anonymous_8)","decl":{"start":{"line":45,"column":32},"end":{"line":45,"column":33}},"loc":{"start":{"line":45,"column":55},"end":{"line":52,"column":9}},"line":45},"9":{"name":"(anonymous_9)","decl":{"start":{"line":47,"column":16},"end":{"line":47,"column":17}},"loc":{"start":{"line":47,"column":28},"end":{"line":47,"column":61}},"line":47},"10":{"name":"(anonymous_10)","decl":{"start":{"line":71,"column":29},"end":{"line":71,"column":30}},"loc":{"start":{"line":71,"column":35},"end":{"line":85,"column":1}},"line":71},"11":{"name":"(anonymous_11)","decl":{"start":{"line":71,"column":35},"end":{"line":71,"column":36}},"loc":{"start":{"line":71,"column":59},"end":{"line":85,"column":1}},"line":71},"12":{"name":"(anonymous_12)","decl":{"start":{"line":87,"column":27},"end":{"line":87,"column":28}},"loc":{"start":{"line":88,"column":4},"end":{"line":94,"column":6}},"line":88},"13":{"name":"(anonymous_13)","decl":{"start":{"line":96,"column":30},"end":{"line":96,"column":31}},"loc":{"start":{"line":97,"column":4},"end":{"line":103,"column":6}},"line":97},"14":{"name":"(anonymous_14)","decl":{"start":{"line":105,"column":36},"end":{"line":105,"column":37}},"loc":{"start":{"line":106,"column":4},"end":{"line":112,"column":6}},"line":106},"15":{"name":"(anonymous_15)","decl":{"start":{"line":115,"column":4},"end":{"line":115,"column":5}},"loc":{"start":{"line":115,"column":13},"end":{"line":115,"column":37}},"line":115},"16":{"name":"(anonymous_16)","decl":{"start":{"line":116,"column":4},"end":{"line":116,"column":5}},"loc":{"start":{"line":116,"column":17},"end":{"line":116,"column":70}},"line":116},"17":{"name":"(anonymous_17)","decl":{"start":{"line":116,"column":39},"end":{"line":116,"column":40}},"loc":{"start":{"line":116,"column":51},"end":{"line":116,"column":69}},"line":116}},"branchMap":{"0":{"loc":{"start":{"line":75,"column":4},"end":{"line":75,"column":34}},"type":"if","locations":[{"start":{"line":75,"column":4},"end":{"line":75,"column":34}},{"start":{"line":75,"column":4},"end":{"line":75,"column":34}}],"line":75}},"s":{"0":2,"1":2,"2":5,"3":5,"4":3,"5":1,"6":4,"7":4,"8":4,"9":4,"10":4,"11":1,"12":1,"13":1,"14":1,"15":1,"16":1,"17":1,"18":1,"19":1,"20":1,"21":2,"22":2,"23":2,"24":6,"25":6,"26":6,"27":6,"28":1,"29":5,"30":2,"31":6,"32":2,"33":2,"34":2,"35":1,"36":2,"37":1,"38":1,"39":3},"f":{"0":5,"1":5,"2":3,"3":1,"4":4,"5":4,"6":1,"7":1,"8":1,"9":1,"10":6,"11":6,"12":6,"13":2,"14":1,"15":1,"16":1,"17":3},"b":{"0":[1,5]},"_coverageSchema":"1a1c01bbd47fc00a2c39e90264f33305004495a9","hash":"80f569155bf78525ac37feb01078477aa29b1d4f"}
,"D:\\xampp2\\htdocs\\d\\wp\\wp-content\\plugins\\udssl-wp-redux-jest\\src\\store\\users.js": {"path":"D:\\xampp2\\htdocs\\d\\wp\\wp-content\\plugins\\udssl-wp-redux-jest\\src\\store\\users.js","statementMap":{"0":{"start":{"line":3,"column":13},"end":{"line":3,"column":14}},"1":{"start":{"line":5,"column":14},"end":{"line":17,"column":2}},"2":{"start":{"line":11,"column":12},"end":{"line":14,"column":14}},"3":{"start":{"line":21,"column":29},"end":{"line":21,"column":42}}},"fnMap":{"0":{"name":"(anonymous_0)","decl":{"start":{"line":10,"column":19},"end":{"line":10,"column":20}},"loc":{"start":{"line":10,"column":38},"end":{"line":15,"column":9}},"line":10}},"branchMap":{},"s":{"0":1,"1":1,"2":0,"3":1},"f":{"0":0},"b":{},"_coverageSchema":"1a1c01bbd47fc00a2c39e90264f33305004495a9","hash":"6d524cb3ab30e1325202c21eb18f63e9f235259b"}
,"D:\\xampp2\\htdocs\\d\\wp\\wp-content\\plugins\\udssl-wp-redux-jest\\src\\store\\middleware\\api.js": {"path":"D:\\xampp2\\htdocs\\d\\wp\\wp-content\\plugins\\udssl-wp-redux-jest\\src\\store\\middleware\\api.js","statementMap":{"0":{"start":{"line":4,"column":4},"end":{"line":38,"column":5}},"1":{"start":{"line":5,"column":4},"end":{"line":38,"column":5}},"2":{"start":{"line":6,"column":4},"end":{"line":38,"column":5}},"3":{"start":{"line":7,"column":8},"end":{"line":7,"column":74}},"4":{"start":{"line":7,"column":55},"end":{"line":7,"column":74}},"5":{"start":{"line":10,"column":12},"end":{"line":10,"column":26}},"6":{"start":{"line":12,"column":8},"end":{"line":12,"column":48}},"7":{"start":{"line":12,"column":21},"end":{"line":12,"column":48}},"8":{"start":{"line":14,"column":8},"end":{"line":14,"column":20}},"9":{"start":{"line":16,"column":8},"end":{"line":37,"column":9}},"10":{"start":{"line":17,"column":29},"end":{"line":23,"column":14}},"11":{"start":{"line":25,"column":12},"end":{"line":25,"column":59}},"12":{"start":{"line":28,"column":12},"end":{"line":28,"column":80}},"13":{"start":{"line":28,"column":27},"end":{"line":28,"column":80}},"14":{"start":{"line":31,"column":12},"end":{"line":31,"column":71}},"15":{"start":{"line":33,"column":12},"end":{"line":33,"column":56}},"16":{"start":{"line":33,"column":27},"end":{"line":33,"column":56}},"17":{"start":{"line":36,"column":12},"end":{"line":36,"column":76}},"18":{"start":{"line":36,"column":25},"end":{"line":36,"column":76}}},"fnMap":{"0":{"name":"(anonymous_0)","decl":{"start":{"line":4,"column":4},"end":{"line":4,"column":5}},"loc":{"start":{"line":5,"column":4},"end":{"line":38,"column":5}},"line":5},"1":{"name":"(anonymous_1)","decl":{"start":{"line":5,"column":4},"end":{"line":5,"column":5}},"loc":{"start":{"line":6,"column":4},"end":{"line":38,"column":5}},"line":6},"2":{"name":"(anonymous_2)","decl":{"start":{"line":6,"column":4},"end":{"line":6,"column":5}},"loc":{"start":{"line":6,"column":20},"end":{"line":38,"column":5}},"line":6}},"branchMap":{"0":{"loc":{"start":{"line":7,"column":8},"end":{"line":7,"column":74}},"type":"if","locations":[{"start":{"line":7,"column":8},"end":{"line":7,"column":74}},{"start":{"line":7,"column":8},"end":{"line":7,"column":74}}],"line":7},"1":{"loc":{"start":{"line":12,"column":8},"end":{"line":12,"column":48}},"type":"if","locations":[{"start":{"line":12,"column":8},"end":{"line":12,"column":48}},{"start":{"line":12,"column":8},"end":{"line":12,"column":48}}],"line":12},"2":{"loc":{"start":{"line":28,"column":12},"end":{"line":28,"column":80}},"type":"if","locations":[{"start":{"line":28,"column":12},"end":{"line":28,"column":80}},{"start":{"line":28,"column":12},"end":{"line":28,"column":80}}],"line":28},"3":{"loc":{"start":{"line":33,"column":12},"end":{"line":33,"column":56}},"type":"if","locations":[{"start":{"line":33,"column":12},"end":{"line":33,"column":56}},{"start":{"line":33,"column":12},"end":{"line":33,"column":56}}],"line":33},"4":{"loc":{"start":{"line":36,"column":12},"end":{"line":36,"column":76}},"type":"if","locations":[{"start":{"line":36,"column":12},"end":{"line":36,"column":76}},{"start":{"line":36,"column":12},"end":{"line":36,"column":76}}],"line":36}},"s":{"0":1,"1":11,"2":11,"3":50,"4":37,"5":13,"6":13,"7":13,"8":13,"9":13,"10":13,"11":10,"12":10,"13":10,"14":3,"15":3,"16":1,"17":3,"18":0},"f":{"0":11,"1":11,"2":50},"b":{"0":[37,13],"1":[13,0],"2":[10,0],"3":[1,2],"4":[0,3]},"_coverageSchema":"1a1c01bbd47fc00a2c39e90264f33305004495a9","hash":"243eed2e4447350a1b5a27a99a6cc312123a370c"}
,"D:\\xampp2\\htdocs\\d\\wp\\wp-content\\plugins\\udssl-wp-redux-jest\\src\\store\\middleware\\logger.js": {"path":"D:\\xampp2\\htdocs\\d\\wp\\wp-content\\plugins\\udssl-wp-redux-jest\\src\\store\\middleware\\logger.js","statementMap":{"0":{"start":{"line":1,"column":15},"end":{"line":6,"column":1}},"1":{"start":{"line":1,"column":25},"end":{"line":6,"column":1}},"2":{"start":{"line":1,"column":34},"end":{"line":6,"column":1}},"3":{"start":{"line":1,"column":42},"end":{"line":6,"column":1}},"4":{"start":{"line":5,"column":4},"end":{"line":5,"column":23}}},"fnMap":{"0":{"name":"(anonymous_0)","decl":{"start":{"line":1,"column":15},"end":{"line":1,"column":16}},"loc":{"start":{"line":1,"column":25},"end":{"line":6,"column":1}},"line":1},"1":{"name":"(anonymous_1)","decl":{"start":{"line":1,"column":25},"end":{"line":1,"column":26}},"loc":{"start":{"line":1,"column":34},"end":{"line":6,"column":1}},"line":1},"2":{"name":"(anonymous_2)","decl":{"start":{"line":1,"column":34},"end":{"line":1,"column":35}},"loc":{"start":{"line":1,"column":42},"end":{"line":6,"column":1}},"line":1},"3":{"name":"(anonymous_3)","decl":{"start":{"line":1,"column":42},"end":{"line":1,"column":43}},"loc":{"start":{"line":1,"column":52},"end":{"line":6,"column":1}},"line":1}},"branchMap":{},"s":{"0":1,"1":11,"2":11,"3":11,"4":50},"f":{"0":11,"1":11,"2":11,"3":50},"b":{},"_coverageSchema":"1a1c01bbd47fc00a2c39e90264f33305004495a9","hash":"e8204b162fda39477ccb7c8a7ed5cd468dd09c46"}
,"D:\\xampp2\\htdocs\\d\\wp\\wp-content\\plugins\\udssl-wp-redux-jest\\src\\store\\middleware\\toast.js": {"path":"D:\\xampp2\\htdocs\\d\\wp\\wp-content\\plugins\\udssl-wp-redux-jest\\src\\store\\middleware\\toast.js","statementMap":{"0":{"start":{"line":1,"column":14},"end":{"line":6,"column":1}},"1":{"start":{"line":1,"column":23},"end":{"line":6,"column":1}},"2":{"start":{"line":1,"column":31},"end":{"line":6,"column":1}},"3":{"start":{"line":5,"column":4},"end":{"line":5,"column":23}}},"fnMap":{"0":{"name":"(anonymous_0)","decl":{"start":{"line":1,"column":14},"end":{"line":1,"column":15}},"loc":{"start":{"line":1,"column":23},"end":{"line":6,"column":1}},"line":1},"1":{"name":"(anonymous_1)","decl":{"start":{"line":1,"column":23},"end":{"line":1,"column":24}},"loc":{"start":{"line":1,"column":31},"end":{"line":6,"column":1}},"line":1},"2":{"name":"(anonymous_2)","decl":{"start":{"line":1,"column":31},"end":{"line":1,"column":32}},"loc":{"start":{"line":1,"column":41},"end":{"line":6,"column":1}},"line":1}},"branchMap":{},"s":{"0":1,"1":11,"2":11,"3":50},"f":{"0":11,"1":11,"2":50},"b":{},"_coverageSchema":"1a1c01bbd47fc00a2c39e90264f33305004495a9","hash":"9412d93c5a9885ea86e52a933a00e0a865425ef0"}
}
