TN:
SF:src\store\api.js
FNF:0
FNH:0
DA:3,2
DA:4,2
DA:5,2
LF:3
LH:3
BRF:0
BRH:0
end_of_record
TN:
SF:src\store\configureStore.js
FN:7,(anonymous_0)
FN:10,(anonymous_1)
FNF:2
FNH:2
FNDA:11,(anonymous_0)
FNDA:11,(anonymous_1)
DA:8,11
DA:11,11
LF:2
LH:2
BRF:0
BRH:0
end_of_record
TN:
SF:src\store\entities.js
FNF:0
FNH:0
LF:0
LH:0
BRF:0
BRH:0
end_of_record
TN:
SF:src\store\projects.js
FN:8,(anonymous_0)
FN:15,(anonymous_1)
FN:16,(anonymous_2)
FNF:3
FNH:0
FNDA:0,(anonymous_0)
FNDA:0,(anonymous_1)
FNDA:0,(anonymous_2)
DA:2,1
DA:4,1
DA:9,0
DA:16,0
DA:17,0
DA:24,1
LF:6
LH:3
BRF:0
BRH:0
end_of_record
TN:
SF:src\store\reducer.js
FNF:0
FNH:0
LF:0
LH:0
BRF:0
BRH:0
end_of_record
TN:
SF:src\store\timeslots.js
FN:16,(anonymous_0)
FN:19,(anonymous_1)
FN:22,(anonymous_2)
FN:25,(anonymous_3)
FN:28,(anonymous_4)
FN:33,(anonymous_5)
FN:37,(anonymous_6)
FN:39,(anonymous_7)
FN:45,(anonymous_8)
FN:47,(anonymous_9)
FN:71,(anonymous_10)
FN:71,(anonymous_11)
FN:87,(anonymous_12)
FN:96,(anonymous_13)
FN:105,(anonymous_14)
FN:115,(anonymous_15)
FN:116,(anonymous_16)
FN:116,(anonymous_17)
FNF:18
FNH:18
FNDA:5,(anonymous_0)
FNDA:5,(anonymous_1)
FNDA:3,(anonymous_2)
FNDA:1,(anonymous_3)
FNDA:4,(anonymous_4)
FNDA:4,(anonymous_5)
FNDA:1,(anonymous_6)
FNDA:1,(anonymous_7)
FNDA:1,(anonymous_8)
FNDA:1,(anonymous_9)
FNDA:6,(anonymous_10)
FNDA:6,(anonymous_11)
FNDA:6,(anonymous_12)
FNDA:2,(anonymous_13)
FNDA:1,(anonymous_14)
FNDA:1,(anonymous_15)
FNDA:1,(anonymous_16)
FNDA:3,(anonymous_17)
DA:6,2
DA:8,2
DA:17,5
DA:20,5
DA:23,3
DA:26,1
DA:29,4
DA:30,4
DA:31,4
DA:34,4
DA:35,4
DA:38,1
DA:39,1
DA:41,1
DA:42,1
DA:43,1
DA:46,1
DA:47,1
DA:49,1
DA:50,1
DA:51,1
DA:67,2
DA:69,2
DA:71,6
DA:72,6
DA:74,6
DA:75,6
DA:77,5
DA:87,2
DA:88,6
DA:96,2
DA:97,2
DA:105,2
DA:106,1
DA:114,2
DA:115,1
DA:116,3
LF:37
LH:37
BRDA:75,0,0,1
BRDA:75,0,1,5
BRF:2
BRH:2
end_of_record
TN:
SF:src\store\users.js
FN:10,(anonymous_0)
FNF:1
FNH:0
FNDA:0,(anonymous_0)
DA:3,1
DA:5,1
DA:11,0
DA:21,1
LF:4
LH:3
BRF:0
BRH:0
end_of_record
TN:
SF:src\store\middleware\api.js
FN:4,(anonymous_0)
FN:5,(anonymous_1)
FN:6,(anonymous_2)
FNF:3
FNH:3
FNDA:11,(anonymous_0)
FNDA:11,(anonymous_1)
FNDA:50,(anonymous_2)
DA:4,1
DA:5,11
DA:6,11
DA:7,50
DA:10,13
DA:12,13
DA:14,13
DA:16,13
DA:17,13
DA:25,10
DA:28,10
DA:31,3
DA:33,3
DA:36,3
LF:14
LH:14
BRDA:7,0,0,37
BRDA:7,0,1,13
BRDA:12,1,0,13
BRDA:12,1,1,0
BRDA:28,2,0,10
BRDA:28,2,1,0
BRDA:33,3,0,1
BRDA:33,3,1,2
BRDA:36,4,0,0
BRDA:36,4,1,3
BRF:10
BRH:7
end_of_record
TN:
SF:src\store\middleware\logger.js
FN:1,(anonymous_0)
FN:1,(anonymous_1)
FN:1,(anonymous_2)
FN:1,(anonymous_3)
FNF:4
FNH:4
FNDA:11,(anonymous_0)
FNDA:11,(anonymous_1)
FNDA:11,(anonymous_2)
FNDA:50,(anonymous_3)
DA:1,11
DA:5,50
LF:2
LH:2
BRF:0
BRH:0
end_of_record
TN:
SF:src\store\middleware\toast.js
FN:1,(anonymous_0)
FN:1,(anonymous_1)
FN:1,(anonymous_2)
FNF:3
FNH:3
FNDA:11,(anonymous_0)
FNDA:11,(anonymous_1)
FNDA:50,(anonymous_2)
DA:1,11
DA:5,50
LF:2
LH:2
BRF:0
BRH:0
end_of_record
